# JRE version: OpenJDK Runtime Environment (11.0.10) (build 11.0.10+0-b96-7249189)
# Java VM: OpenJDK 64-Bit Server VM (11.0.10+0-b96-7249189, mixed mode, tiered, compressed oops, g1 gc, windows-amd64)
Heap:
 garbage-first heap   total 432128K, used 183517K [0x0000000080000000, 0x0000000100000000)
  region size 1024K, 4 young (4096K), 4 survivors (4096K)
 Metaspace       used 135180K, capacity 138604K, committed 138752K, reserved 1169408K
  class space    used 16618K, capacity 17906K, committed 17920K, reserved 1048576K
GC Heap History (20 events):
Event: 10657.386 GC heap after
{Heap after GC invocations=107 (full 0):
 garbage-first heap   total 342016K, used 166014K [0x0000000080000000, 0x0000000100000000)
  region size 1024K, 1 young (1024K), 1 survivors (1024K)
 Metaspace       used 134326K, capacity 137669K, committed 137856K, reserved 1169408K
  class space    used 16510K, capacity 17755K, committed 17792K, reserved 1048576K
}
Event: 10658.481 GC heap before
{Heap before GC invocations=107 (full 0):
 garbage-first heap   total 342016K, used 284798K [0x0000000080000000, 0x0000000100000000)
  region size 1024K, 117 young (119808K), 1 survivors (1024K)
 Metaspace       used 134386K, capacity 137703K, committed 137856K, reserved 1169408K
  class space    used 16523K, capacity 17787K, committed 17792K, reserved 1048576K
}
Event: 10658.506 GC heap after
{Heap after GC invocations=108 (full 0):
 garbage-first heap   total 342016K, used 172014K [0x0000000080000000, 0x0000000100000000)
  region size 1024K, 7 young (7168K), 7 survivors (7168K)
 Metaspace       used 134386K, capacity 137703K, committed 137856K, reserved 1169408K
  class space    used 16523K, capacity 17787K, committed 17792K, reserved 1048576K
}
Event: 10660.405 GC heap before
{Heap before GC invocations=109 (full 0):
 garbage-first heap   total 342016K, used 286702K [0x0000000080000000, 0x0000000100000000)
  region size 1024K, 119 young (121856K), 7 survivors (7168K)
 Metaspace       used 134412K, capacity 137707K, committed 137856K, reserved 1169408K
  class space    used 16524K, capacity 17788K, committed 17792K, reserved 1048576K
}
Event: 10660.462 GC heap after
{Heap after GC invocations=110 (full 0):
 garbage-first heap   total 342016K, used 182405K [0x0000000080000000, 0x0000000100000000)
  region size 1024K, 15 young (15360K), 15 survivors (15360K)
 Metaspace       used 134412K, capacity 137707K, committed 137856K, reserved 1169408K
  class space    used 16524K, capacity 17788K, committed 17792K, reserved 1048576K
}
Event: 10660.484 GC heap before
{Heap before GC invocations=110 (full 0):
 garbage-first heap   total 342016K, used 183429K [0x0000000080000000, 0x0000000100000000)
  region size 1024K, 16 young (16384K), 15 survivors (15360K)
 Metaspace       used 134412K, capacity 137707K, committed 137856K, reserved 1169408K
  class space    used 16524K, capacity 17788K, committed 17792K, reserved 1048576K
}
Event: 10660.594 GC heap after
{Heap after GC invocations=111 (full 0):
 garbage-first heap   total 342016K, used 173005K [0x0000000080000000, 0x0000000100000000)
  region size 1024K, 2 young (2048K), 2 survivors (2048K)
 Metaspace       used 134412K, capacity 137707K, committed 137856K, reserved 1169408K
  class space    used 16524K, capacity 17788K, committed 17792K, reserved 1048576K
}
Event: 10662.011 GC heap before
{Heap before GC invocations=111 (full 0):
 garbage-first heap   total 342016K, used 282573K [0x0000000080000000, 0x0000000100000000)
  region size 1024K, 109 young (111616K), 2 survivors (2048K)
 Metaspace       used 134443K, capacity 137787K, committed 137984K, reserved 1169408K
  class space    used 16527K, capacity 17793K, committed 17920K, reserved 1048576K
}
Event: 10662.053 GC heap after
{Heap after GC invocations=112 (full 0):
 garbage-first heap   total 342016K, used 180141K [0x0000000080000000, 0x0000000100000000)
  region size 1024K, 9 young (9216K), 9 survivors (9216K)
 Metaspace       used 134443K, capacity 137787K, committed 137984K, reserved 1169408K
  class space    used 16527K, capacity 17793K, committed 17920K, reserved 1048576K
}
Event: 10664.046 GC heap before
{Heap before GC invocations=113 (full 0):
 garbage-first heap   total 342016K, used 283565K [0x0000000080000000, 0x0000000100000000)
  region size 1024K, 110 young (112640K), 9 survivors (9216K)
 Metaspace       used 134508K, capacity 137800K, committed 137984K, reserved 1169408K
  class space    used 16541K, capacity 17797K, committed 17920K, reserved 1048576K
}
Event: 10664.101 GC heap after
{Heap after GC invocations=114 (full 0):
 garbage-first heap   total 342016K, used 186756K [0x0000000080000000, 0x0000000100000000)
  region size 1024K, 7 young (7168K), 7 survivors (7168K)
 Metaspace       used 134508K, capacity 137800K, committed 137984K, reserved 1169408K
  class space    used 16541K, capacity 17797K, committed 17920K, reserved 1048576K
}
Event: 10664.224 GC heap before
{Heap before GC invocations=114 (full 0):
 garbage-first heap   total 342016K, used 195972K [0x0000000080000000, 0x0000000100000000)
  region size 1024K, 16 young (16384K), 7 survivors (7168K)
 Metaspace       used 134508K, capacity 137800K, committed 137984K, reserved 1169408K
  class space    used 16541K, capacity 17797K, committed 17920K, reserved 1048576K
}
Event: 10664.283 GC heap after
{Heap after GC invocations=115 (full 0):
 garbage-first heap   total 342016K, used 181557K [0x0000000080000000, 0x0000000100000000)
  region size 1024K, 2 young (2048K), 2 survivors (2048K)
 Metaspace       used 134508K, capacity 137800K, committed 137984K, reserved 1169408K
  class space    used 16541K, capacity 17797K, committed 17920K, reserved 1048576K
}
Event: 10665.785 GC heap before
{Heap before GC invocations=115 (full 0):
 garbage-first heap   total 342016K, used 284981K [0x0000000080000000, 0x0000000100000000)
  region size 1024K, 103 young (105472K), 2 survivors (2048K)
 Metaspace       used 134541K, capacity 137866K, committed 138240K, reserved 1169408K
  class space    used 16541K, capacity 17797K, committed 17920K, reserved 1048576K
}
Event: 10665.807 GC heap after
{Heap after GC invocations=116 (full 0):
 garbage-first heap   total 342016K, used 182272K [0x0000000080000000, 0x0000000100000000)
  region size 1024K, 2 young (2048K), 2 survivors (2048K)
 Metaspace       used 134541K, capacity 137866K, committed 138240K, reserved 1169408K
  class space    used 16541K, capacity 17797K, committed 17920K, reserved 1048576K
}
Event: 10668.145 GC heap before
{Heap before GC invocations=117 (full 0):
 garbage-first heap   total 342016K, used 288768K [0x0000000080000000, 0x0000000100000000)
  region size 1024K, 106 young (108544K), 2 survivors (2048K)
 Metaspace       used 134589K, capacity 137931K, committed 138240K, reserved 1169408K
  class space    used 16543K, capacity 17797K, committed 17920K, reserved 1048576K
}
Event: 10668.167 GC heap after
{Heap after GC invocations=118 (full 0):
 garbage-first heap   total 342016K, used 185179K [0x0000000080000000, 0x0000000100000000)
  region size 1024K, 5 young (5120K), 5 survivors (5120K)
 Metaspace       used 134589K, capacity 137931K, committed 138240K, reserved 1169408K
  class space    used 16543K, capacity 17797K, committed 17920K, reserved 1048576K
}
Event: 10668.273 GC heap before
{Heap before GC invocations=118 (full 0):
 garbage-first heap   total 342016K, used 196443K [0x0000000080000000, 0x0000000100000000)
  region size 1024K, 16 young (16384K), 5 survivors (5120K)
 Metaspace       used 134590K, capacity 137931K, committed 138240K, reserved 1169408K
  class space    used 16543K, capacity 17797K, committed 17920K, reserved 1048576K
}
Event: 10668.309 GC heap after
{Heap after GC invocations=119 (full 0):
 garbage-first heap   total 342016K, used 181317K [0x0000000080000000, 0x0000000100000000)
  region size 1024K, 1 young (1024K), 1 survivors (1024K)
 Metaspace       used 134590K, capacity 137931K, committed 138240K, reserved 1169408K
  class space    used 16543K, capacity 17797K, committed 17920K, reserved 1048576K
}
Event: 10669.764 GC heap before
{Heap before GC invocations=119 (full 0):
 garbage-first heap   total 342016K, used 288837K [0x0000000080000000, 0x0000000100000000)
  region size 1024K, 106 young (108544K), 1 survivors (1024K)
 Metaspace       used 135180K, capacity 138604K, committed 138752K, reserved 1169408K
  class space    used 16618K, capacity 17906K, committed 17920K, reserved 1048576K
}

