# JRE version: OpenJDK Runtime Environment (11.0.10) (build 11.0.10+0-b96-7249189)
# Java VM: OpenJDK 64-Bit Server VM (11.0.10+0-b96-7249189, mixed mode, tiered, compressed oops, g1 gc, windows-amd64)
Heap:
 garbage-first heap   total 448512K, used 295077K [0x0000000080000000, 0x0000000100000000)
  region size 1024K, 113 young (115712K), 12 survivors (12288K)
 Metaspace       used 123252K, capacity 126357K, committed 126540K, reserved 1159168K
  class space    used 15327K, capacity 16452K, committed 16460K, reserved 1048576K
GC Heap History (20 events):
Event: 625.006 GC heap before
{Heap before GC invocations=58 (full 0):
 garbage-first heap   total 448512K, used 384516K [0x0000000080000000, 0x0000000100000000)
  region size 1024K, 53 young (54272K), 6 survivors (6144K)
 Metaspace       used 106571K, capacity 109300K, committed 109388K, reserved 1144832K
  class space    used 13850K, capacity 14875K, committed 14924K, reserved 1048576K
}
Event: 625.036 GC heap after
{Heap after GC invocations=59 (full 0):
 garbage-first heap   total 448512K, used 338265K [0x0000000080000000, 0x0000000100000000)
  region size 1024K, 6 young (6144K), 6 survivors (6144K)
 Metaspace       used 106571K, capacity 109300K, committed 109388K, reserved 1144832K
  class space    used 13850K, capacity 14875K, committed 14924K, reserved 1048576K
}
Event: 627.369 GC heap before
{Heap before GC invocations=60 (full 0):
 garbage-first heap   total 448512K, used 221529K [0x0000000080000000, 0x0000000100000000)
  region size 1024K, 53 young (54272K), 6 survivors (6144K)
 Metaspace       used 107338K, capacity 110194K, committed 110412K, reserved 1144832K
  class space    used 13860K, capacity 14891K, committed 14924K, reserved 1048576K
}
Event: 627.405 GC heap after
{Heap after GC invocations=61 (full 0):
 garbage-first heap   total 448512K, used 178624K [0x0000000080000000, 0x0000000100000000)
  region size 1024K, 7 young (7168K), 7 survivors (7168K)
 Metaspace       used 107338K, capacity 110194K, committed 110412K, reserved 1144832K
  class space    used 13860K, capacity 14891K, committed 14924K, reserved 1048576K
}
Event: 629.055 GC heap before
{Heap before GC invocations=61 (full 0):
 garbage-first heap   total 448512K, used 192960K [0x0000000080000000, 0x0000000100000000)
  region size 1024K, 21 young (21504K), 7 survivors (7168K)
 Metaspace       used 107411K, capacity 110209K, committed 110412K, reserved 1144832K
  class space    used 13861K, capacity 14893K, committed 14924K, reserved 1048576K
}
Event: 629.083 GC heap after
{Heap after GC invocations=62 (full 0):
 garbage-first heap   total 448512K, used 134430K [0x0000000080000000, 0x0000000100000000)
  region size 1024K, 2 young (2048K), 2 survivors (2048K)
 Metaspace       used 107411K, capacity 110209K, committed 110412K, reserved 1144832K
  class space    used 13861K, capacity 14893K, committed 14924K, reserved 1048576K
}
Event: 653.192 GC heap before
{Heap before GC invocations=62 (full 0):
 garbage-first heap   total 448512K, used 152862K [0x0000000080000000, 0x0000000100000000)
  region size 1024K, 21 young (21504K), 2 survivors (2048K)
 Metaspace       used 107577K, capacity 110516K, committed 110796K, reserved 1144832K
  class space    used 13878K, capacity 14930K, committed 15052K, reserved 1048576K
}
Event: 653.222 GC heap after
{Heap after GC invocations=63 (full 0):
 garbage-first heap   total 448512K, used 119748K [0x0000000080000000, 0x0000000100000000)
  region size 1024K, 2 young (2048K), 2 survivors (2048K)
 Metaspace       used 107577K, capacity 110516K, committed 110796K, reserved 1144832K
  class space    used 13878K, capacity 14930K, committed 15052K, reserved 1048576K
}
Event: 700.396 GC heap before
{Heap before GC invocations=63 (full 0):
 garbage-first heap   total 448512K, used 291780K [0x0000000080000000, 0x0000000100000000)
  region size 1024K, 168 young (172032K), 2 survivors (2048K)
 Metaspace       used 109830K, capacity 112723K, committed 112972K, reserved 1146880K
  class space    used 14052K, capacity 15141K, committed 15180K, reserved 1048576K
}
Event: 700.455 GC heap after
{Heap after GC invocations=64 (full 0):
 garbage-first heap   total 448512K, used 143651K [0x0000000080000000, 0x0000000100000000)
  region size 1024K, 21 young (21504K), 21 survivors (21504K)
 Metaspace       used 109830K, capacity 112723K, committed 112972K, reserved 1146880K
  class space    used 14052K, capacity 15141K, committed 15180K, reserved 1048576K
}
Event: 704.627 GC heap before
{Heap before GC invocations=64 (full 0):
 garbage-first heap   total 448512K, used 381219K [0x0000000080000000, 0x0000000100000000)
  region size 1024K, 187 young (191488K), 21 survivors (21504K)
 Metaspace       used 113349K, capacity 116373K, committed 116684K, reserved 1150976K
  class space    used 14383K, capacity 15478K, committed 15564K, reserved 1048576K
}
Event: 704.770 GC heap after
{Heap after GC invocations=65 (full 0):
 garbage-first heap   total 448512K, used 209813K [0x0000000080000000, 0x0000000100000000)
  region size 1024K, 5 young (5120K), 5 survivors (5120K)
 Metaspace       used 113349K, capacity 116373K, committed 116684K, reserved 1150976K
  class space    used 14383K, capacity 15478K, committed 15564K, reserved 1048576K
}
Event: 708.411 GC heap before
{Heap before GC invocations=66 (full 0):
 garbage-first heap   total 448512K, used 397205K [0x0000000080000000, 0x0000000100000000)
  region size 1024K, 144 young (147456K), 5 survivors (5120K)
 Metaspace       used 115567K, capacity 118674K, committed 118732K, reserved 1153024K
  class space    used 14648K, capacity 15775K, committed 15820K, reserved 1048576K
}
Event: 708.448 GC heap after
{Heap after GC invocations=67 (full 0):
 garbage-first heap   total 448512K, used 228279K [0x0000000080000000, 0x0000000100000000)
  region size 1024K, 7 young (7168K), 7 survivors (7168K)
 Metaspace       used 115567K, capacity 118674K, committed 118732K, reserved 1153024K
  class space    used 14648K, capacity 15775K, committed 15820K, reserved 1048576K
}
Event: 708.665 GC heap before
{Heap before GC invocations=67 (full 0):
 garbage-first heap   total 448512K, used 242615K [0x0000000080000000, 0x0000000100000000)
  region size 1024K, 21 young (21504K), 7 survivors (7168K)
 Metaspace       used 115572K, capacity 118674K, committed 118732K, reserved 1153024K
  class space    used 14648K, capacity 15775K, committed 15820K, reserved 1048576K
}
Event: 708.691 GC heap after
{Heap after GC invocations=68 (full 0):
 garbage-first heap   total 448512K, used 135162K [0x0000000080000000, 0x0000000100000000)
  region size 1024K, 1 young (1024K), 1 survivors (1024K)
 Metaspace       used 115572K, capacity 118674K, committed 118732K, reserved 1153024K
  class space    used 14648K, capacity 15775K, committed 15820K, reserved 1048576K
}
Event: 713.796 GC heap before
{Heap before GC invocations=68 (full 0):
 garbage-first heap   total 448512K, used 334842K [0x0000000080000000, 0x0000000100000000)
  region size 1024K, 182 young (186368K), 1 survivors (1024K)
 Metaspace       used 121314K, capacity 124403K, committed 124620K, reserved 1157120K
  class space    used 15107K, capacity 16214K, committed 16332K, reserved 1048576K
}
Event: 713.809 GC heap after
{Heap after GC invocations=69 (full 0):
 garbage-first heap   total 448512K, used 135384K [0x0000000080000000, 0x0000000100000000)
  region size 1024K, 2 young (2048K), 2 survivors (2048K)
 Metaspace       used 121314K, capacity 124403K, committed 124620K, reserved 1157120K
  class space    used 15107K, capacity 16214K, committed 16332K, reserved 1048576K
}
Event: 718.238 GC heap before
{Heap before GC invocations=69 (full 0):
 garbage-first heap   total 448512K, used 231640K [0x0000000080000000, 0x0000000100000000)
  region size 1024K, 74 young (75776K), 2 survivors (2048K)
 Metaspace       used 123222K, capacity 126327K, committed 126540K, reserved 1159168K
  class space    used 15324K, capacity 16447K, committed 16460K, reserved 1048576K
}
Event: 718.254 GC heap after
{Heap after GC invocations=70 (full 0):
 garbage-first heap   total 448512K, used 166053K [0x0000000080000000, 0x0000000100000000)
  region size 1024K, 12 young (12288K), 12 survivors (12288K)
 Metaspace       used 123222K, capacity 126327K, committed 126540K, reserved 1159168K
  class space    used 15324K, capacity 16447K, committed 16460K, reserved 1048576K
}

